17:39:47 [DEBUG] Waiting for a connection...
17:39:47 [DEBUG] ACCEPTED REQUEST GET /status HTTP/1.1
17:39:47 [INFO] COMMAND status
{}
17:39:47 [DEBUG] RESPONSE:
OK: {
  "sessionId": "AwesomeSession",
  "status": 0,
  "value": {
    "build": {
      "version": "1.2.0.0"
    },
    "os": {
      "arch": "x64",
      "name": "windows",
      "version": "Microsoft Windows NT 6.2.9200.0"
    }
  }
}
17:39:47 [DEBUG] Client closed

17:39:47 [DEBUG] Waiting for a connection...
17:39:53 [DEBUG] ACCEPTED REQUEST POST /session HTTP/1.1
17:39:53 [INFO] COMMAND newSession
{
  "desiredCapabilities": {
    "app": "C:\\Program Files (x86)\\SAP\\FrontEnd\\SAPgui\\saplogon.exe"
  },
  "capabilities": {
    "firstMatch": [
      {}
    ]
  }
}
17:39:53 [DEBUG] Current keyboard simulator: BasedOnInputSimulatorLib
17:39:53 [DEBUG] RESPONSE:
OK: {
  "sessionId": "AwesomeSession",
  "status": 0,
  "value": {
    "app": "C:\\Program Files (x86)\\SAP\\FrontEnd\\SAPgui\\saplogon.exe",
    "args": "",
    "debugConnectToRunningApp": false,
    "innerPort": 9998,
    "keyboardSimulator": 1,
    "launchDelay": 0
  }
}
17:39:53 [DEBUG] Client closed

17:39:53 [DEBUG] Waiting for a connection...
17:40:46 [DEBUG] ACCEPTED REQUEST POST /session/AwesomeSession/element HTTP/1.1
17:40:46 [INFO] COMMAND findElement
{
  "using": "id",
  "value": "1148",
  "SESSIONID": "AwesomeSession"
}
17:40:48 [DEBUG] RESPONSE:
OK: {
  "sessionId": "AwesomeSession",
  "status": 0,
  "value": {
    "ELEMENT": "8261056-1"
  }
}
17:40:48 [DEBUG] Client closed

17:40:48 [DEBUG] Waiting for a connection...
17:40:48 [DEBUG] ACCEPTED REQUEST POST /session/AwesomeSession/element/8261056-1/value HTTP/1.1
17:40:48 [INFO] COMMAND sendKeysToElement
{
  "id": "8261056-1",
  "value": [
    "C:\\Users\\wb580314\\source\\repos\\PLM QA COE\\src\\main\\resources\\attachments\\Proforma_Invoice_Attachment.pdf"
  ],
  "SESSIONID": "AwesomeSession",
  "ID": "8261056-1"
}
17:40:48 [INFO] Click on 'type: ControlType.ComboBox, uid: 1148, name: File name:' element at (189, 418) ClickablePoint
17:40:48 [INFO] Press key combo 'CONTROL + VK_A'
17:40:49 [INFO] Key press 'BACK'
17:40:49 [INFO] Send text 'C:\Users\wb580314\source\repos\PLM QA COE\src\main\resources\attachments\Proforma_Invoice_Attachment.pdf'
17:40:49 [DEBUG] RESPONSE:
OK: {
  "sessionId": "AwesomeSession",
  "status": 0,
  "value": null
}
17:40:49 [DEBUG] Client closed

17:40:49 [DEBUG] Waiting for a connection...
17:41:08 [DEBUG] ACCEPTED REQUEST POST /session/AwesomeSession/element HTTP/1.1
17:41:08 [INFO] COMMAND findElement
{
  "using": "name",
  "value": "File name:",
  "SESSIONID": "AwesomeSession"
}
17:41:08 [DEBUG] RESPONSE:
OK: {
  "sessionId": "AwesomeSession",
  "status": 0,
  "value": {
    "ELEMENT": "49285436-2"
  }
}
17:41:08 [DEBUG] Client closed

17:41:08 [DEBUG] Waiting for a connection...
17:41:08 [DEBUG] ACCEPTED REQUEST POST /session/AwesomeSession/element/49285436-2/value HTTP/1.1
17:41:08 [INFO] COMMAND sendKeysToElement
{
  "id": "49285436-2",
  "value": [
    "C:\\Users\\wb580314\\source\\repos\\PLM QA COE\\src\\main\\resources\\attachments\\Proforma_Invoice_Attachment.pdf"
  ],
  "SESSIONID": "AwesomeSession",
  "ID": "49285436-2"
}
17:41:09 [INFO] Click on 'type: ControlType.Text, uid: 1090, name: File name:' element at (235, 626) ClickablePoint
17:41:09 [INFO] Press key combo 'CONTROL + VK_A'
17:41:09 [INFO] Key press 'BACK'
17:41:10 [INFO] Send text 'C:\Users\wb580314\source\repos\PLM QA COE\src\main\resources\attachments\Proforma_Invoice_Attachment.pdf'
17:41:10 [DEBUG] RESPONSE:
OK: {
  "sessionId": "AwesomeSession",
  "status": 0,
  "value": null
}
17:41:10 [DEBUG] Client closed

17:41:10 [DEBUG] Waiting for a connection...
